2016-09-28 14:50:39 
	##errno 8
	##error Undefined index: user
	##errfile C:\xampp\htdocs\yangphp\yang-signup.php
	##in line 6
2016-09-28 14:50:58 
	##errno 8
	##error Undefined index: user
	##errfile C:\xampp\htdocs\yangphp\yang-signup.php
	##in line 6
2016-09-28 14:51:04 
	##errno 8
	##error Undefined index: user
	##errfile C:\xampp\htdocs\yangphp\yang-signup.php
	##in line 6
2016-09-28 14:51:59 
	##errno 8
	##error Undefined index: user
	##errfile C:\xampp\htdocs\yangphp\yang-signup.php
	##in line 6
