2016-09-21 10:48:08 
	##errno 8
	##error Undefined index: HTTP_HOST
	##errfile C:\xampp\htdocs\yangphp\yang-includes\functions.php
	##in line 29
2016-09-21 10:48:08 
	##errno 8
	##error Undefined index: HTTP_HOST
	##errfile C:\xampp\htdocs\yangphp\yang-includes\functions.php
	##in line 29
2016-09-21 10:48:08 
	##errno 8
	##error Undefined index: HTTP_HOST
	##errfile C:\xampp\htdocs\yangphp\yang-includes\functions.php
	##in line 29
2016-09-21 10:58:51 
	##errno 8
	##error Undefined index: HTTP_HOST
	##errfile C:\xampp\htdocs\yangphp\yang-includes\functions.php
	##in line 29
2016-09-21 10:58:51 
	##errno 8
	##error Undefined index: HTTP_HOST
	##errfile C:\xampp\htdocs\yangphp\yang-includes\functions.php
	##in line 29
2016-09-21 10:58:51 
	##errno 8
	##error Undefined index: HTTP_HOST
	##errfile C:\xampp\htdocs\yangphp\yang-includes\functions.php
	##in line 29
2016-09-21 16:36:22 
	##errno 8
	##error Undefined index: HTTP_HOST
	##errfile C:\xampp\htdocs\yangphp\yang-includes\functions.php
	##in line 29
2016-09-21 16:36:22 
	##errno 8
	##error Undefined index: HTTP_HOST
	##errfile C:\xampp\htdocs\yangphp\yang-includes\functions.php
	##in line 29
2016-09-21 16:36:22 
	##errno 8
	##error Undefined index: HTTP_HOST
	##errfile C:\xampp\htdocs\yangphp\yang-includes\functions.php
	##in line 29
2016-09-21 16:55:11 
	##errno 8
	##error Undefined index: HTTP_HOST
	##errfile C:\xampp\htdocs\yangphp\yang-includes\functions.php
	##in line 29
2016-09-21 16:55:11 
	##errno 8
	##error Undefined index: HTTP_HOST
	##errfile C:\xampp\htdocs\yangphp\yang-includes\functions.php
	##in line 29
2016-09-21 16:55:11 
	##errno 8
	##error Undefined index: HTTP_HOST
	##errfile C:\xampp\htdocs\yangphp\yang-includes\functions.php
	##in line 29
2016-09-21 16:57:27 
	##errno 8
	##error Undefined index: HTTP_HOST
	##errfile C:\xampp\htdocs\yangphp\yang-includes\functions.php
	##in line 29
2016-09-21 16:57:27 
	##errno 8
	##error Undefined index: HTTP_HOST
	##errfile C:\xampp\htdocs\yangphp\yang-includes\functions.php
	##in line 29
2016-09-21 16:57:27 
	##errno 8
	##error Undefined index: HTTP_HOST
	##errfile C:\xampp\htdocs\yangphp\yang-includes\functions.php
	##in line 29
2016-09-21 17:01:16 
	##errno 8
	##error Undefined index: HTTP_HOST
	##errfile C:\xampp\htdocs\yangphp\yang-includes\functions.php
	##in line 29
2016-09-21 17:01:16 
	##errno 8
	##error Undefined index: HTTP_HOST
	##errfile C:\xampp\htdocs\yangphp\yang-includes\functions.php
	##in line 29
2016-09-21 17:01:16 
	##errno 8
	##error Undefined index: HTTP_HOST
	##errfile C:\xampp\htdocs\yangphp\yang-includes\functions.php
	##in line 29
2016-09-21 17:01:31 
	##errno 8
	##error Undefined index: HTTP_HOST
	##errfile C:\xampp\htdocs\yangphp\yang-includes\functions.php
	##in line 29
2016-09-21 17:01:31 
	##errno 8
	##error Undefined index: HTTP_HOST
	##errfile C:\xampp\htdocs\yangphp\yang-includes\functions.php
	##in line 29
2016-09-21 17:01:31 
	##errno 8
	##error Undefined index: HTTP_HOST
	##errfile C:\xampp\htdocs\yangphp\yang-includes\functions.php
	##in line 29
2016-09-21 17:02:16 
	##errno 8
	##error Undefined index: HTTP_HOST
	##errfile C:\xampp\htdocs\yangphp\yang-includes\functions.php
	##in line 29
2016-09-21 17:02:16 
	##errno 8
	##error Undefined index: HTTP_HOST
	##errfile C:\xampp\htdocs\yangphp\yang-includes\functions.php
	##in line 29
2016-09-21 17:02:16 
	##errno 8
	##error Undefined index: HTTP_HOST
	##errfile C:\xampp\htdocs\yangphp\yang-includes\functions.php
	##in line 29
2016-09-21 17:02:23 
	##errno 8
	##error Undefined index: HTTP_HOST
	##errfile C:\xampp\htdocs\yangphp\yang-includes\functions.php
	##in line 29
2016-09-21 17:02:23 
	##errno 8
	##error Undefined index: HTTP_HOST
	##errfile C:\xampp\htdocs\yangphp\yang-includes\functions.php
	##in line 29
2016-09-21 17:02:23 
	##errno 8
	##error Undefined index: HTTP_HOST
	##errfile C:\xampp\htdocs\yangphp\yang-includes\functions.php
	##in line 29
2016-09-21 17:02:24 
	##errno 8
	##error Undefined index: HTTP_HOST
	##errfile C:\xampp\htdocs\yangphp\yang-includes\functions.php
	##in line 29
2016-09-21 17:02:24 
	##errno 8
	##error Undefined index: HTTP_HOST
	##errfile C:\xampp\htdocs\yangphp\yang-includes\functions.php
	##in line 29
2016-09-21 17:02:24 
	##errno 8
	##error Undefined index: HTTP_HOST
	##errfile C:\xampp\htdocs\yangphp\yang-includes\functions.php
	##in line 29
2016-09-21 17:02:25 
	##errno 8
	##error Undefined index: HTTP_HOST
	##errfile C:\xampp\htdocs\yangphp\yang-includes\functions.php
	##in line 29
2016-09-21 17:02:25 
	##errno 8
	##error Undefined index: HTTP_HOST
	##errfile C:\xampp\htdocs\yangphp\yang-includes\functions.php
	##in line 29
2016-09-21 17:02:25 
	##errno 8
	##error Undefined index: HTTP_HOST
	##errfile C:\xampp\htdocs\yangphp\yang-includes\functions.php
	##in line 29
2016-09-21 17:02:45 
	##errno 8
	##error Undefined index: HTTP_HOST
	##errfile C:\xampp\htdocs\yangphp\yang-includes\functions.php
	##in line 29
2016-09-21 17:02:45 
	##errno 8
	##error Undefined index: HTTP_HOST
	##errfile C:\xampp\htdocs\yangphp\yang-includes\functions.php
	##in line 29
2016-09-21 17:02:45 
	##errno 8
	##error Undefined index: HTTP_HOST
	##errfile C:\xampp\htdocs\yangphp\yang-includes\functions.php
	##in line 29
2016-09-21 17:06:38 
	##errno 8
	##error Undefined index: HTTP_HOST
	##errfile C:\xampp\htdocs\yangphp\yang-includes\functions.php
	##in line 29
2016-09-21 17:06:38 
	##errno 8
	##error Undefined index: HTTP_HOST
	##errfile C:\xampp\htdocs\yangphp\yang-includes\functions.php
	##in line 29
2016-09-21 17:06:38 
	##errno 8
	##error Undefined index: HTTP_HOST
	##errfile C:\xampp\htdocs\yangphp\yang-includes\functions.php
	##in line 29
2016-09-21 17:06:54 
	##errno 8
	##error Undefined index: HTTP_HOST
	##errfile C:\xampp\htdocs\yangphp\yang-includes\functions.php
	##in line 29
2016-09-21 17:06:54 
	##errno 8
	##error Undefined index: HTTP_HOST
	##errfile C:\xampp\htdocs\yangphp\yang-includes\functions.php
	##in line 29
2016-09-21 17:06:54 
	##errno 8
	##error Undefined index: HTTP_HOST
	##errfile C:\xampp\htdocs\yangphp\yang-includes\functions.php
	##in line 29
2016-09-21 17:07:01 
	##errno 8
	##error Undefined index: HTTP_HOST
	##errfile C:\xampp\htdocs\yangphp\yang-includes\functions.php
	##in line 29
2016-09-21 17:07:01 
	##errno 8
	##error Undefined index: HTTP_HOST
	##errfile C:\xampp\htdocs\yangphp\yang-includes\functions.php
	##in line 29
2016-09-21 17:07:01 
	##errno 8
	##error Undefined index: HTTP_HOST
	##errfile C:\xampp\htdocs\yangphp\yang-includes\functions.php
	##in line 29
