2016-10-09 09:48:32 
	##errno 8
	##error Undefined index: user
	##errfile C:\xampp\htdocs\yangphp\yang-login.php
	##in line 10
2016-10-09 09:48:32 
	##errno 8
	##error Undefined index: password
	##errfile C:\xampp\htdocs\yangphp\yang-login.php
	##in line 11
2016-10-09 09:48:36 
	##errno 8
	##error Undefined index: user
	##errfile C:\xampp\htdocs\yangphp\yang-login.php
	##in line 10
2016-10-09 09:48:36 
	##errno 8
	##error Undefined index: password
	##errfile C:\xampp\htdocs\yangphp\yang-login.php
	##in line 11
2016-10-09 09:48:37 
	##errno 8
	##error Undefined index: user
	##errfile C:\xampp\htdocs\yangphp\yang-login.php
	##in line 10
2016-10-09 09:48:37 
	##errno 8
	##error Undefined index: password
	##errfile C:\xampp\htdocs\yangphp\yang-login.php
	##in line 11
2016-10-09 09:48:43 
	##errno 8
	##error Undefined index: user
	##errfile C:\xampp\htdocs\yangphp\yang-login.php
	##in line 10
2016-10-09 09:48:43 
	##errno 8
	##error Undefined index: password
	##errfile C:\xampp\htdocs\yangphp\yang-login.php
	##in line 11
2016-10-09 19:47:42 
	##errno 8
	##error Undefined index: user
	##errfile C:\xampp\htdocs\yangphp\yang-login.php
	##in line 10
2016-10-09 19:47:42 
	##errno 8
	##error Undefined index: password
	##errfile C:\xampp\htdocs\yangphp\yang-login.php
	##in line 11
